build/app/outputs/mapping/release/seeds.txt
com.mycompany.crowdedvoice.MainActivity
com.mycompany.crowdedvoice.MainActivity: MainActivity()
...
com.google.firebase.firestore.FirestoreRegistrar: FirestoreRegistrar()
kotlinx.coroutines.channels.Receive
androidx.window.core.Bounds: boolean isEmpty()
androidx.appcompat.widget.AppCompatTextView: int getAutoSizeStepGranularity()
com.google.android.gms.internal.firebase-auth-api.zzlj
com.google.android.exoplayer2.metadata.id3.ChapterFrame: android.os.Parcelable$Creator CREATOR
com.google.android.gms.internal.firebase-auth-api.zzkr: int zzd
androidx.window.layout.WindowMetricsCalculator$Companion$reset$1: java.lang.Object invoke(java.lang.Object)
androidx.appcompat.widget.Toolbar: void setTitle(int)
androidx.appcompat.widget.AppCompatImageView: android.graphics.PorterDuff$Mode getSupportImageTintMode()
com.google.firestore.v1.Target$QueryTarget: com.google.firestore.v1.Target$QueryTarget DEFAULT_INSTANCE
com.google.firebase.firestore.proto.MaybeDocument: int UNKNOWN_DOCUMENT_FIELD_NUMBER
androidx.media2.session.SessionTokenParcelizer: androidx.media2.session.SessionToken read(androidx.versionedparcelable.VersionedParcel)
com.google.firestore.v1.Document: int UPDATE_TIME_FIELD_NUMBER
io.flutter.plugins.firebase.core.FlutterFirebasePluginRegistry: void registerPlugin(java.lang.String,io.flutter.plugins.firebase.core.FlutterFirebasePlugin)
com.google.firestore.v1.StructuredQuery$FieldFilter: int VALUE_FIELD_NUMBER
com.google.android.gms.safetynet.SafeBrowsingData: android.os.Parcelable$Creator CREATOR
androidx.window.core.Bounds: Bounds(android.graphics.Rect)
com.google.android.gms.auth.api.signin.internal.SignInHubActivity
com.google.android.gms.internal.firebase-auth-api.zzoq: com.google.android.gms.internal.firebase-auth-api.zzoq zzb
android.support.v4.os.ResultReceiver: android.os.Parcelable$Creator CREATOR
com.google.firestore.v1.ArrayValue: com.google.protobuf.Parser PARSER
androidx.window.embedding.SplitPairRule: boolean getFinishPrimaryWithSecondary()
androidx.media2.session.HeartRatingParcelizer
androidx.appcompat.widget.AppCompatRadioButton: void setSupportBackgroundTintList(android.content.res.ColorStateList)
com.google.firestore.v1.StructuredQuery$Filter: int COMPOSITE_FILTER_FIELD_NUMBER
com.google.rpc.Status: int DETAILS_FIELD_NUMBER
androidx.appcompat.widget.AppCompatImageView: void setImageBitmap(android.graphics.Bitmap)
io.flutter.plugin.editing.ImeSyncDeferringInsetsCallback: android.view.WindowInsetsAnimation$Callback getAnimationCallback()
androidx.core.view.ViewCompat$Api21Impl: boolean dispatchNestedScroll(android.view.View,int,int,int,int,int[])
kotlinx.coroutines.scheduling.CoroutineScheduler
com.google.protobuf.ProtoSyntax: com.google.protobuf.ProtoSyntax valueOf(java.lang.String)
androidx.window.embedding.EmbeddingBackend: void registerSplitListenerForActivity(android.app.Activity,java.util.concurrent.Executor,androidx.core.util.Consumer)
androidx.appcompat.widget.AppCompatRadioButton: void setBackgroundResource(int)
androidx.media2.session.SessionTokenImplBaseParcelizer
com.google.firestore.v1.StructuredQuery$CollectionSelector: boolean allDescendants_
io.flutter.embedding.engine.FlutterJNI: void ensureNotAttachedToNative()
com.google.firestore.v1.StructuredAggregationQuery: int queryTypeCase_
androidx.window.embedding.SplitRule: SplitRule(int,int,float,int)
com.google.android.gms.internal.firebase-auth-api.zzjn: int zzd
androidx.appcompat.widget.AppCompatCheckBox
androidx.media2.session.MediaSession$CommandButton: MediaSession$CommandButton()
io.flutter.embedding.engine.FlutterJNI: boolean isCodePointEmojiModifierBase(int)
androidx.media.AudioManagerCompat$Api26Impl: int abandonAudioFocusRequest(android.media.AudioManager,android.media.AudioFocusRequest)
androidx.media2.common.VideoSize: VideoSize()
com.google.android.gms.internal.firebase-auth-api.zznh: int zze
kotlin.jvm.internal.FunctionReference: boolean isInline()
androidx.window.embedding.SplitPairFilter: android.content.ComponentName secondaryActivityName
com.google.firestore.v1.Write: int VERIFY_FIELD_NUMBER