build/app/outputs/mapping/release/mapping.txt
# compiler: R8
# compiler_version: 2.1.86
# min_api: 21
# pg_map_id: 56025c4
# common_typos_disable
...
com.google.android.gms.internal.firebase-auth-api.zzaee -> f.e.a.b.c.f.e3:
    com.google.android.gms.internal.firebase-auth-api.zzaee zza -> i
    boolean zzb -> h
    com.google.android.gms.internal.firebase-auth-api.zzaee zza() -> a
    com.google.android.gms.internal.firebase-auth-api.zzaee zzb() -> b
    void zzc() -> c
    void zzd(com.google.android.gms.internal.firebase-auth-api.zzaee) -> d
    boolean zze() -> e
    int zzf(java.lang.Object) -> f
    void zzg() -> j
com.google.android.gms.internal.firebase-auth-api.zzaef -> f.e.a.b.c.f.f3:
    int zza(int,java.lang.Object,java.lang.Object) -> a
    boolean zzb(java.lang.Object) -> b
    java.lang.Object zzc(java.lang.Object,java.lang.Object) -> c
com.google.android.gms.internal.firebase-auth-api.zzaeg -> f.e.a.b.c.f.g3:
    com.google.android.gms.internal.firebase-auth-api.zzaef zzb -> b
    com.google.android.gms.internal.firebase-auth-api.zzaef zza -> a
    com.google.android.gms.internal.firebase-auth-api.zzaef zza() -> a
    com.google.android.gms.internal.firebase-auth-api.zzaef zzb() -> b
com.google.android.gms.internal.firebase-auth-api.zzaeh -> f.e.a.b.c.f.h3:
    com.google.android.gms.internal.firebase-auth-api.zzaek zza() -> a
    boolean zzb() -> b
    int zzc() -> c
com.google.android.gms.internal.firebase-auth-api.zzaei -> f.e.a.b.c.f.i3:
    com.google.android.gms.internal.firebase-auth-api.zzaeh zzb(java.lang.Class) -> a
    boolean zzc(java.lang.Class) -> b
com.google.android.gms.internal.firebase-auth-api.zzaej -> f.e.a.b.c.f.j3:
    com.google.android.gms.internal.firebase-auth-api.zzaek zzk() -> g
com.google.android.gms.internal.firebase-auth-api.zzaek -> f.e.a.b.c.f.k3:
    int zzs() -> j
    com.google.android.gms.internal.firebase-auth-api.zzacc zzo() -> k
    com.google.android.gms.internal.firebase-auth-api.zzaej zzB() -> l
    byte[] zzq() -> m
    void zzI(com.google.android.gms.internal.firebase-auth-api.zzacn) -> n
com.google.android.gms.internal.firebase-auth-api.zzael -> f.e.a.b.c.f.l3:
    com.google.android.gms.internal.firebase-auth-api.zzaek zzL() -> a
com.google.android.gms.internal.firebase-auth-api.zzaem -> f.e.a.b.c.f.m3:
    char[] zza -> a
    java.lang.String zza(com.google.android.gms.internal.firebase-auth-api.zzaek,java.lang.String) -> a
    void zzb(java.lang.StringBuilder,int,java.lang.String,java.lang.Object) -> b
    void zzc(int,java.lang.StringBuilder) -> c
    void zzd(com.google.android.gms.internal.firebase-auth-api.zzaek,java.lang.StringBuilder,int) -> d
com.google.android.gms.internal.firebase-auth-api.zzaen -> f.e.a.b.c.f.n3:
    com.google.android.gms.internal.firebase-auth-api.zzact zzp -> n
    java.lang.Object[] zzd -> b
    int zzl -> j
    int zzm -> k
    com.google.android.gms.internal.firebase-auth-api.zzady zzn -> l
    com.google.android.gms.internal.firebase-auth-api.zzafn zzo -> m
    int zzf -> d
    int[] zzc -> a
    int zze -> c
    com.google.android.gms.internal.firebase-auth-api.zzaek zzg -> e
    sun.misc.Unsafe zzb -> q
    int[] zzk -> i
    boolean zzh -> f
    int[] zza -> p
    boolean zzi -> g
    boolean zzj -> h
    com.google.android.gms.internal.firebase-auth-api.zzaef zzr -> o
    void zzQ(java.lang.Object,int,int) -> A
    void zzR(java.lang.Object,int,java.lang.Object) -> B
    void zzS(java.lang.Object,int,int,java.lang.Object) -> C
    boolean zzT(java.lang.Object,java.lang.Object,int) -> D
    boolean zzU(int) -> E
    boolean zzV(java.lang.Object,int) -> F
    boolean zzW(java.lang.Object,int,int,int,int) -> G
    boolean zzX(java.lang.Object,int,com.google.android.gms.internal.firebase-auth-api.zzaew) -> H
    boolean zzY(java.lang.Object) -> I
    boolean zzZ(java.lang.Object,int,int) -> J
    boolean zzaa(java.lang.Object,long) -> K
    void zzab(java.lang.Object,com.google.android.gms.internal.firebase-auth-api.zzaco) -> L
    void zzac(com.google.android.gms.internal.firebase-auth-api.zzaco,int,java.lang.Object,int) -> M