build/app/outputs/mapping/release/usage.txt
com.mycompany.crowdedvoice.R$xml
com.mycompany.crowdedvoice.R$anim
com.mycompany.crowdedvoice.R$style
com.mycompany.crowdedvoice.R$integer
com.mycompany.crowdedvoice.R$attr
com.mycompany.crowdedvoice.R$id
com.mycompany.crowdedvoice.R$drawable
com.mycompany.crowdedvoice.BuildConfig
com.mycompany.crowdedvoice.R$interpolator
com.mycompany.crowdedvoice.R$string
com.mycompany.crowdedvoice.R$layout
com.mycompany.crowdedvoice.R$color
com.mycompany.crowdedvoice.R$bool
com.mycompany.crowdedvoice.R$styleable
com.mycompany.crowdedvoice.R$raw
com.mycompany.crowdedvoice.R$mipmap
com.mycompany.crowdedvoice.R
com.mycompany.crowdedvoice.R$dimen
com.mycompany.crowdedvoice.R$menu
...
com.google.android.exoplayer2.source.LoopingMediaSource
kotlinx.coroutines.flow.FlowKt__LimitKt$transformWhile$1
com.google.common.reflect.TypeToken$TypeFilter
androidx.fragment.app.FragmentTransaction$Op:
    void <init>(int,androidx.fragment.app.Fragment,androidx.lifecycle.Lifecycle$State)
androidx.media2.common.SessionPlayer$PlayerResult
com.google.api.Usage
kotlin.UIntArrayKt
com.ryanheise.audio_session.R$style
com.google.common.graph.DirectedGraphConnections$NodeConnection$Succ
kotlinx.coroutines.channels.Send:
    public abstract void resumeSendClosed(kotlinx.coroutines.channels.Closed)
com.google.type.TimeOfDay$Builder
com.google.android.gms.fido.fido2.zzc
androidx.media2.session.MediaControllerImplBase$29
com.google.android.exoplayer2.extractor.ConstantBitrateSeekMap:
    public void <init>(long,long,int,int)
io.grpc.ClientCall:
    public boolean isReady()
    public void setMessageCompression(boolean)
    public io.grpc.Attributes getAttributes()
kotlinx.coroutines.flow.FlowKt__TransformKt$runningFold$lambda-10$$inlined$collect$1
com.google.firestore.v1.Write:
    private void clearOperation()
    private void mergeUpdate(com.google.firestore.v1.Document)
    private void clearUpdate()
    private void clearDelete()
    private void setDeleteBytes(com.google.protobuf.ByteString)
    private void clearVerify()
    private void setVerifyBytes(com.google.protobuf.ByteString)
    private void setTransform(com.google.firestore.v1.DocumentTransform)
    private void mergeTransform(com.google.firestore.v1.DocumentTransform)
    private void clearTransform()
    private void mergeUpdateMask(com.google.firestore.v1.DocumentMask)
    private void clearUpdateMask()
    private void setUpdateTransforms(int,com.google.firestore.v1.DocumentTransform$FieldTransform)
    private void addUpdateTransforms(int,com.google.firestore.v1.DocumentTransform$FieldTransform)
    private void addAllUpdateTransforms(java.lang.Iterable)
    private void clearUpdateTransforms()
    private void removeUpdateTransforms(int)
    private void mergeCurrentDocument(com.google.firestore.v1.Precondition)
    private void clearCurrentDocument()
    public static com.google.firestore.v1.Write parseFrom(java.nio.ByteBuffer)
    public static com.google.firestore.v1.Write parseFrom(java.nio.ByteBuffer,com.google.protobuf.ExtensionRegistryLite)
    public static com.google.firestore.v1.Write parseFrom(com.google.protobuf.ByteString)
com.google.protobuf.Int32ValueOrBuilder
io.grpc.ChannelCredentials:
    public void <init>()
    public abstract io.grpc.ChannelCredentials withoutBearerTokens()
com.google.protobuf.Struct$1
com.google.android.exoplayer2.MediaItem$AdsConfiguration$Builder
kotlin.io.FileTreeWalk$WalkState
io.grpc.internal.AbstractStream:
    public final void setMessageCompression(boolean)
android.support.customtabs.ICustomTabsCallback$Stub$Proxy
com.google.android.gms.common.api.internal.zaas
com.google.apphosting.datastore.testing.DatastoreTestTrace$FirestoreV1Action$UpdateDocument$Builder
androidx.appcompat.view.menu.SubMenuBuilder:
    public void setShortcutsVisible(boolean)
com.google.longrunning.WaitOperationRequest$1
androidx.media2.session.MediaBrowser$1
kotlinx.coroutines.channels.ConflatedBroadcastChannel$Closed
com.google.common.primitives.Floats$FloatConverter
com.google.common.io.ReaderInputStream
com.google.common.escape.Escapers
com.google.protobuf.SourceContextProto
com.google.android.gms.internal.auth-api-phone.zzf
com.google.common.collect.package-info
kotlin.jvm.internal.MagicApiIntrinsics